Traceback (most recent call last):
  File "C:\Users\ppzmis\AppData\Local\miniconda3\envs\instructor\lib\site-packages\jupyter_cache\executors\utils.py", line 58, in single_nb_execution
    executenb(
  File "C:\Users\ppzmis\AppData\Local\miniconda3\envs\instructor\lib\site-packages\nbclient\client.py", line 1314, in execute
    return NotebookClient(nb=nb, resources=resources, km=km, **kwargs).execute()
  File "C:\Users\ppzmis\AppData\Local\miniconda3\envs\instructor\lib\site-packages\jupyter_core\utils\__init__.py", line 165, in wrapped
    return loop.run_until_complete(inner)
  File "C:\Users\ppzmis\AppData\Local\miniconda3\envs\instructor\lib\asyncio\base_events.py", line 649, in run_until_complete
    return future.result()
  File "C:\Users\ppzmis\AppData\Local\miniconda3\envs\instructor\lib\site-packages\nbclient\client.py", line 709, in async_execute
    await self.async_execute_cell(
  File "C:\Users\ppzmis\AppData\Local\miniconda3\envs\instructor\lib\site-packages\nbclient\client.py", line 1062, in async_execute_cell
    await self._check_raise_for_error(cell, cell_index, exec_reply)
  File "C:\Users\ppzmis\AppData\Local\miniconda3\envs\instructor\lib\site-packages\nbclient\client.py", line 918, in _check_raise_for_error
    raise CellExecutionError.from_cell_and_msg(cell, exec_reply_content)
nbclient.exceptions.CellExecutionError: An error occurred while executing the following cell:
------------------
import requests
import webbrowser
import json

def nasa_apod(date='2023-01-01'):
    json_request = {'date':'2023-01-01', 'api_key':apikey}
    data =requests.get('https://api.nasa.gov/planetary/apod',params=json_request)
    
    description = json.loads(data.text)['explanation']
    url =json.loads(data.text)['url']
    
    # commented next section to avoid user interaction
    want_to_view=input(description + '\n\n Would you like to view the image? (Y / N)')   
    want_to_view = want_to_view.upper().lstrip()
    if want_to_view[0] == 'Y':
        print('Opening image')
        chrome = webbrowser.get()
        chrome.open(url)
    return url

url = nasa_apod(date='2023-01-01')
print(url)

------------------


[1;31m---------------------------------------------------------------------------[0m
[1;31mStdinNotImplementedError[0m                  Traceback (most recent call last)
Cell [1;32mIn[8], line 21[0m
[0;32m     18[0m         chrome[38;5;241m.[39mopen(url)
[0;32m     19[0m     [38;5;28;01mreturn[39;00m url
[1;32m---> 21[0m url [38;5;241m=[39m [43mnasa_apod[49m[43m([49m[43mdate[49m[38;5;241;43m=[39;49m[38;5;124;43m'[39;49m[38;5;124;43m2023-01-01[39;49m[38;5;124;43m'[39;49m[43m)[49m
[0;32m     22[0m [38;5;28mprint[39m(url)

Cell [1;32mIn[8], line 13[0m, in [0;36mnasa_apod[1;34m(date)[0m
[0;32m     10[0m url [38;5;241m=[39mjson[38;5;241m.[39mloads(data[38;5;241m.[39mtext)[[38;5;124m'[39m[38;5;124murl[39m[38;5;124m'[39m]
[0;32m     12[0m [38;5;66;03m# commented next section to avoid user interaction[39;00m
[1;32m---> 13[0m want_to_view[38;5;241m=[39m[38;5;28;43minput[39;49m[43m([49m[43mdescription[49m[43m [49m[38;5;241;43m+[39;49m[43m [49m[38;5;124;43m'[39;49m[38;5;130;43;01m\n[39;49;00m[38;5;130;43;01m\n[39;49;00m[38;5;124;43m Would you like to view the image? (Y / N)[39;49m[38;5;124;43m'[39;49m[43m)[49m   
[0;32m     14[0m want_to_view [38;5;241m=[39m want_to_view[38;5;241m.[39mupper()[38;5;241m.[39mlstrip()
[0;32m     15[0m [38;5;28;01mif[39;00m want_to_view[[38;5;241m0[39m] [38;5;241m==[39m [38;5;124m'[39m[38;5;124mY[39m[38;5;124m'[39m:

File [1;32m~\AppData\Local\miniconda3\envs\instructor\lib\site-packages\ipykernel\kernelbase.py:1281[0m, in [0;36mKernel.raw_input[1;34m(self, prompt)[0m
[0;32m   1279[0m [38;5;28;01mif[39;00m [38;5;129;01mnot[39;00m [38;5;28mself[39m[38;5;241m.[39m_allow_stdin:
[0;32m   1280[0m     msg [38;5;241m=[39m [38;5;124m"[39m[38;5;124mraw_input was called, but this frontend does not support input requests.[39m[38;5;124m"[39m
[1;32m-> 1281[0m     [38;5;28;01mraise[39;00m StdinNotImplementedError(msg)
[0;32m   1282[0m [38;5;28;01mreturn[39;00m [38;5;28mself[39m[38;5;241m.[39m_input_request(
[0;32m   1283[0m     [38;5;28mstr[39m(prompt),
[0;32m   1284[0m     [38;5;28mself[39m[38;5;241m.[39m_parent_ident[[38;5;124m"[39m[38;5;124mshell[39m[38;5;124m"[39m],
[0;32m   1285[0m     [38;5;28mself[39m[38;5;241m.[39mget_parent([38;5;124m"[39m[38;5;124mshell[39m[38;5;124m"[39m),
[0;32m   1286[0m     password[38;5;241m=[39m[38;5;28;01mFalse[39;00m,
[0;32m   1287[0m )

[1;31mStdinNotImplementedError[0m: raw_input was called, but this frontend does not support input requests.

